# JRE version: OpenJDK Runtime Environment (17.0.10) (build 17.0.10+0--11572160)
# Java VM: OpenJDK 64-Bit Server VM (17.0.10+0--11572160, mixed mode, tiered, compressed oops, compressed class ptrs, g1 gc, windows-amd64)
GC Precious Log:
 CPUs: 8 total, 8 available
 Memory: 16151M
 Large Page Support: Disabled
 NUMA Support: Disabled
 Compressed Oops: Enabled (32-bit)
 Heap Region Size: 1M
 Heap Min Capacity: 8M
 Heap Initial Capacity: 254M
 Heap Max Capacity: 2G
 Pre-touch: Disabled
 Parallel Workers: 8
 Concurrent Workers: 2
 Concurrent Refinement Workers: 8
 Periodic GC: Disabled
Heap:
 garbage-first heap   total 535552K, used 140584K [0x0000000080000000, 0x0000000100000000)
  region size 1024K, 16 young (16384K), 16 survivors (16384K)
 Metaspace       used 149807K, committed 151744K, reserved 1245184K
  class space    used 20141K, committed 21056K, reserved 1048576K
GC Heap History (20 events):
Event: 8822.950 GC heap after
{Heap after GC invocations=119 (full 0):
 garbage-first heap   total 498688K, used 128514K [0x0000000080000000, 0x0000000100000000)
  region size 1024K, 3 young (3072K), 3 survivors (3072K)
 Metaspace       used 148960K, committed 150848K, reserved 1179648K
  class space    used 20077K, committed 20992K, reserved 1048576K
}
Event: 8823.159 GC heap before
{Heap before GC invocations=119 (full 0):
 garbage-first heap   total 498688K, used 150018K [0x0000000080000000, 0x0000000100000000)
  region size 1024K, 25 young (25600K), 3 survivors (3072K)
 Metaspace       used 149010K, committed 150912K, reserved 1179648K
  class space    used 20077K, committed 20992K, reserved 1048576K
}
Event: 8823.163 GC heap after
{Heap after GC invocations=120 (full 0):
 garbage-first heap   total 498688K, used 129733K [0x0000000080000000, 0x0000000100000000)
  region size 1024K, 4 young (4096K), 4 survivors (4096K)
 Metaspace       used 149010K, committed 150912K, reserved 1179648K
  class space    used 20077K, committed 20992K, reserved 1048576K
}
Event: 8923.441 GC heap before
{Heap before GC invocations=121 (full 0):
 garbage-first heap   total 498688K, used 363205K [0x0000000080000000, 0x0000000100000000)
  region size 1024K, 213 young (218112K), 4 survivors (4096K)
 Metaspace       used 149098K, committed 150976K, reserved 1179648K
  class space    used 20077K, committed 20992K, reserved 1048576K
}
Event: 8923.457 GC heap after
{Heap after GC invocations=122 (full 0):
 garbage-first heap   total 498688K, used 150213K [0x0000000080000000, 0x0000000100000000)
  region size 1024K, 22 young (22528K), 22 survivors (22528K)
 Metaspace       used 149098K, committed 150976K, reserved 1179648K
  class space    used 20077K, committed 20992K, reserved 1048576K
}
Event: 8923.465 GC heap before
{Heap before GC invocations=122 (full 0):
 garbage-first heap   total 498688K, used 152261K [0x0000000080000000, 0x0000000100000000)
  region size 1024K, 24 young (24576K), 22 survivors (22528K)
 Metaspace       used 149098K, committed 150976K, reserved 1179648K
  class space    used 20077K, committed 20992K, reserved 1048576K
}
Event: 8923.485 GC heap after
{Heap after GC invocations=123 (full 0):
 garbage-first heap   total 498688K, used 145615K [0x0000000080000000, 0x0000000100000000)
  region size 1024K, 3 young (3072K), 3 survivors (3072K)
 Metaspace       used 149098K, committed 150976K, reserved 1179648K
  class space    used 20077K, committed 20992K, reserved 1048576K
}
Event: 8923.739 GC heap before
{Heap before GC invocations=123 (full 0):
 garbage-first heap   total 498688K, used 168143K [0x0000000080000000, 0x0000000100000000)
  region size 1024K, 27 young (27648K), 3 survivors (3072K)
 Metaspace       used 149111K, committed 151040K, reserved 1179648K
  class space    used 20077K, committed 20992K, reserved 1048576K
}
Event: 8923.745 GC heap after
{Heap after GC invocations=124 (full 0):
 garbage-first heap   total 498688K, used 144795K [0x0000000080000000, 0x0000000100000000)
  region size 1024K, 2 young (2048K), 2 survivors (2048K)
 Metaspace       used 149111K, committed 151040K, reserved 1179648K
  class space    used 20077K, committed 20992K, reserved 1048576K
}
Event: 9318.996 GC heap before
{Heap before GC invocations=125 (full 0):
 garbage-first heap   total 498688K, used 395675K [0x0000000080000000, 0x0000000100000000)
  region size 1024K, 219 young (224256K), 2 survivors (2048K)
 Metaspace       used 149516K, committed 151424K, reserved 1179648K
  class space    used 20140K, committed 21056K, reserved 1048576K
}
Event: 9319.010 GC heap after
{Heap after GC invocations=126 (full 0):
 garbage-first heap   total 498688K, used 162654K [0x0000000080000000, 0x0000000100000000)
  region size 1024K, 19 young (19456K), 19 survivors (19456K)
 Metaspace       used 149516K, committed 151424K, reserved 1179648K
  class space    used 20140K, committed 21056K, reserved 1048576K
}
Event: 9319.024 GC heap before
{Heap before GC invocations=126 (full 0):
 garbage-first heap   total 498688K, used 167774K [0x0000000080000000, 0x0000000100000000)
  region size 1024K, 24 young (24576K), 19 survivors (19456K)
 Metaspace       used 149516K, committed 151424K, reserved 1179648K
  class space    used 20140K, committed 21056K, reserved 1048576K
}
Event: 9319.039 GC heap after
{Heap after GC invocations=127 (full 0):
 garbage-first heap   total 498688K, used 142440K [0x0000000080000000, 0x0000000100000000)
  region size 1024K, 3 young (3072K), 3 survivors (3072K)
 Metaspace       used 149516K, committed 151424K, reserved 1179648K
  class space    used 20140K, committed 21056K, reserved 1048576K
}
Event: 9319.338 GC heap before
{Heap before GC invocations=127 (full 0):
 garbage-first heap   total 498688K, used 174184K [0x0000000080000000, 0x0000000100000000)
  region size 1024K, 35 young (35840K), 3 survivors (3072K)
 Metaspace       used 149560K, committed 151488K, reserved 1245184K
  class space    used 20140K, committed 21056K, reserved 1048576K
}
Event: 9319.344 GC heap after
{Heap after GC invocations=128 (full 0):
 garbage-first heap   total 498688K, used 144587K [0x0000000080000000, 0x0000000100000000)
  region size 1024K, 5 young (5120K), 5 survivors (5120K)
 Metaspace       used 149560K, committed 151488K, reserved 1245184K
  class space    used 20140K, committed 21056K, reserved 1048576K
}
Event: 9538.372 GC heap before
{Heap before GC invocations=129 (full 0):
 garbage-first heap   total 498688K, used 374987K [0x0000000080000000, 0x0000000100000000)
  region size 1024K, 204 young (208896K), 5 survivors (5120K)
 Metaspace       used 149765K, committed 151744K, reserved 1245184K
  class space    used 20141K, committed 21056K, reserved 1048576K
}
Event: 9538.378 GC heap after
{Heap after GC invocations=130 (full 0):
 garbage-first heap   total 498688K, used 145995K [0x0000000080000000, 0x0000000100000000)
  region size 1024K, 8 young (8192K), 8 survivors (8192K)
 Metaspace       used 149765K, committed 151744K, reserved 1245184K
  class space    used 20141K, committed 21056K, reserved 1048576K
}
Event: 9538.482 GC heap before
{Heap before GC invocations=130 (full 0):
 garbage-first heap   total 498688K, used 161355K [0x0000000080000000, 0x0000000100000000)
  region size 1024K, 24 young (24576K), 8 survivors (8192K)
 Metaspace       used 149768K, committed 151744K, reserved 1245184K
  class space    used 20141K, committed 21056K, reserved 1048576K
}
Event: 9538.494 GC heap after
{Heap after GC invocations=131 (full 0):
 garbage-first heap   total 498688K, used 128126K [0x0000000080000000, 0x0000000100000000)
  region size 1024K, 3 young (3072K), 3 survivors (3072K)
 Metaspace       used 149768K, committed 151744K, reserved 1245184K
  class space    used 20141K, committed 21056K, reserved 1048576K
}
Event: 9584.386 GC heap before
{Heap before GC invocations=131 (full 0):
 garbage-first heap   total 498688K, used 280702K [0x0000000080000000, 0x0000000100000000)
  region size 1024K, 154 young (157696K), 3 survivors (3072K)
 Metaspace       used 149807K, committed 151744K, reserved 1245184K
  class space    used 20141K, committed 21056K, reserved 1048576K
}

